[2023-01-15 13:43:49] [ DEBUG] [BasicClientConnectionManager:161] Get connection for route {s}->https://test-api.k6.io:443
[2023-01-15 13:43:49] [ DEBUG] [DefaultClientConnectionOperator:177] Connecting to test-api.k6.io:443
[2023-01-15 13:43:50] [ DEBUG] [RequestAddCookies:123] CookieSpec selected: ignoreCookies
[2023-01-15 13:43:50] [ DEBUG] [RequestAuthCache:77] Auth cache not set in the context
[2023-01-15 13:43:50] [ DEBUG] [RequestTargetAuthentication:80] Target auth state: UNCHALLENGED
[2023-01-15 13:43:50] [ DEBUG] [RequestProxyAuthentication:89] Proxy auth state: UNCHALLENGED
[2023-01-15 13:43:50] [ DEBUG] [DefaultHttpClient:677] Attempt 1 to execute request
[2023-01-15 13:43:50] [ DEBUG] [DefaultClientConnection:274] Sending request: POST /auth/basic/login/ HTTP/1.1
[2023-01-15 13:43:50] [ DEBUG] [wire:73]  >> "POST /auth/basic/login/ HTTP/1.1[\r][\n]"
[2023-01-15 13:43:50] [ DEBUG] [wire:73]  >> "Accept: */*[\r][\n]"
[2023-01-15 13:43:50] [ DEBUG] [wire:73]  >> "Content-Type: application/json[\r][\n]"
[2023-01-15 13:43:50] [ DEBUG] [wire:73]  >> "Content-Length: 47[\r][\n]"
[2023-01-15 13:43:50] [ DEBUG] [wire:73]  >> "Host: test-api.k6.io[\r][\n]"
[2023-01-15 13:43:50] [ DEBUG] [wire:73]  >> "Connection: Keep-Alive[\r][\n]"
[2023-01-15 13:43:50] [ DEBUG] [wire:73]  >> "User-Agent: Apache-HttpClient/4.5.13 (Java/11.0.16)[\r][\n]"
[2023-01-15 13:43:50] [ DEBUG] [wire:73]  >> "Accept-Encoding: gzip,deflate[\r][\n]"
[2023-01-15 13:43:50] [ DEBUG] [wire:73]  >> "[\r][\n]"
[2023-01-15 13:43:50] [ DEBUG] [headers:278] >> POST /auth/basic/login/ HTTP/1.1
[2023-01-15 13:43:50] [ DEBUG] [headers:281] >> Accept: */*
[2023-01-15 13:43:50] [ DEBUG] [headers:281] >> Content-Type: application/json
[2023-01-15 13:43:50] [ DEBUG] [headers:281] >> Content-Length: 47
[2023-01-15 13:43:50] [ DEBUG] [headers:281] >> Host: test-api.k6.io
[2023-01-15 13:43:50] [ DEBUG] [headers:281] >> Connection: Keep-Alive
[2023-01-15 13:43:50] [ DEBUG] [headers:281] >> User-Agent: Apache-HttpClient/4.5.13 (Java/11.0.16)
[2023-01-15 13:43:50] [ DEBUG] [headers:281] >> Accept-Encoding: gzip,deflate
[2023-01-15 13:43:50] [ DEBUG] [wire:87]  >> "{"username":"incrediboys ","password":"123456"}"
[2023-01-15 13:43:51] [ DEBUG] [wire:73]  << "HTTP/1.1 200 OK[\r][\n]"
[2023-01-15 13:43:51] [ DEBUG] [wire:73]  << "Date: Sun, 15 Jan 2023 17:43:52 GMT[\r][\n]"
[2023-01-15 13:43:51] [ DEBUG] [wire:73]  << "Content-Type: application/json[\r][\n]"
[2023-01-15 13:43:51] [ DEBUG] [wire:73]  << "Content-Length: 162[\r][\n]"
[2023-01-15 13:43:51] [ DEBUG] [wire:73]  << "Connection: keep-alive[\r][\n]"
[2023-01-15 13:43:51] [ DEBUG] [wire:73]  << "Vary: Accept, Cookie[\r][\n]"
[2023-01-15 13:43:51] [ DEBUG] [wire:73]  << "Allow: POST, OPTIONS[\r][\n]"
[2023-01-15 13:43:51] [ DEBUG] [wire:73]  << "Set-Cookie: sessionid=qxi7epqz3c1v5njvk3kt4r8brlt8uucn; expires=Sun, 29 Jan 2023 17:43:52 GMT; HttpOnly; Max-Age=1209600; Path=/; SameSite=Lax[\r][\n]"
[2023-01-15 13:43:51] [ DEBUG] [wire:73]  << "X-Frame-Options: SAMEORIGIN[\r][\n]"
[2023-01-15 13:43:51] [ DEBUG] [wire:73]  << "[\r][\n]"
[2023-01-15 13:43:51] [ DEBUG] [DefaultClientConnection:259] Receiving response: HTTP/1.1 200 OK
[2023-01-15 13:43:51] [ DEBUG] [headers:262] << HTTP/1.1 200 OK
[2023-01-15 13:43:51] [ DEBUG] [headers:265] << Date: Sun, 15 Jan 2023 17:43:52 GMT
[2023-01-15 13:43:51] [ DEBUG] [headers:265] << Content-Type: application/json
[2023-01-15 13:43:51] [ DEBUG] [headers:265] << Content-Length: 162
[2023-01-15 13:43:51] [ DEBUG] [headers:265] << Connection: keep-alive
[2023-01-15 13:43:51] [ DEBUG] [headers:265] << Vary: Accept, Cookie
[2023-01-15 13:43:51] [ DEBUG] [headers:265] << Allow: POST, OPTIONS
[2023-01-15 13:43:51] [ DEBUG] [headers:265] << Set-Cookie: sessionid=qxi7epqz3c1v5njvk3kt4r8brlt8uucn; expires=Sun, 29 Jan 2023 17:43:52 GMT; HttpOnly; Max-Age=1209600; Path=/; SameSite=Lax
[2023-01-15 13:43:51] [ DEBUG] [headers:265] << X-Frame-Options: SAMEORIGIN
[2023-01-15 13:43:51] [ DEBUG] [DefaultHttpClient:504] Connection can be kept alive indefinitely
[2023-01-15 13:43:51] [ DEBUG] [RestAssuredHttpBuilder:553] Parsing response as: application/json
[2023-01-15 13:43:51] [ DEBUG] [RestAssuredHttpBuilder:556] Parsed data to instance of: class org.apache.http.conn.EofSensorInputStream
[2023-01-15 13:52:38] [ DEBUG] [BasicClientConnectionManager:161] Get connection for route {s}->https://test-api.k6.io:443
[2023-01-15 13:52:39] [ DEBUG] [DefaultClientConnectionOperator:177] Connecting to test-api.k6.io:443
[2023-01-15 13:52:39] [ DEBUG] [RequestAddCookies:123] CookieSpec selected: ignoreCookies
[2023-01-15 13:52:39] [ DEBUG] [RequestAuthCache:77] Auth cache not set in the context
[2023-01-15 13:52:39] [ DEBUG] [RequestTargetAuthentication:80] Target auth state: UNCHALLENGED
[2023-01-15 13:52:39] [ DEBUG] [RequestProxyAuthentication:89] Proxy auth state: UNCHALLENGED
[2023-01-15 13:52:39] [ DEBUG] [DefaultHttpClient:677] Attempt 1 to execute request
[2023-01-15 13:52:39] [ DEBUG] [DefaultClientConnection:274] Sending request: POST /auth/basic/login/ HTTP/1.1
[2023-01-15 13:52:39] [ DEBUG] [wire:73]  >> "POST /auth/basic/login/ HTTP/1.1[\r][\n]"
[2023-01-15 13:52:39] [ DEBUG] [wire:73]  >> "Accept: */*[\r][\n]"
[2023-01-15 13:52:39] [ DEBUG] [wire:73]  >> "Content-Type: application/json[\r][\n]"
[2023-01-15 13:52:39] [ DEBUG] [wire:73]  >> "Content-Length: 47[\r][\n]"
[2023-01-15 13:52:39] [ DEBUG] [wire:73]  >> "Host: test-api.k6.io[\r][\n]"
[2023-01-15 13:52:39] [ DEBUG] [wire:73]  >> "Connection: Keep-Alive[\r][\n]"
[2023-01-15 13:52:39] [ DEBUG] [wire:73]  >> "User-Agent: Apache-HttpClient/4.5.13 (Java/11.0.16)[\r][\n]"
[2023-01-15 13:52:39] [ DEBUG] [wire:73]  >> "Accept-Encoding: gzip,deflate[\r][\n]"
[2023-01-15 13:52:39] [ DEBUG] [wire:73]  >> "[\r][\n]"
[2023-01-15 13:52:39] [ DEBUG] [headers:278] >> POST /auth/basic/login/ HTTP/1.1
[2023-01-15 13:52:39] [ DEBUG] [headers:281] >> Accept: */*
[2023-01-15 13:52:39] [ DEBUG] [headers:281] >> Content-Type: application/json
[2023-01-15 13:52:39] [ DEBUG] [headers:281] >> Content-Length: 47
[2023-01-15 13:52:39] [ DEBUG] [headers:281] >> Host: test-api.k6.io
[2023-01-15 13:52:39] [ DEBUG] [headers:281] >> Connection: Keep-Alive
[2023-01-15 13:52:39] [ DEBUG] [headers:281] >> User-Agent: Apache-HttpClient/4.5.13 (Java/11.0.16)
[2023-01-15 13:52:39] [ DEBUG] [headers:281] >> Accept-Encoding: gzip,deflate
[2023-01-15 13:52:39] [ DEBUG] [wire:87]  >> "{"username":"incrediboys ","password":"123456"}"
[2023-01-15 13:52:40] [ DEBUG] [wire:73]  << "HTTP/1.1 200 OK[\r][\n]"
[2023-01-15 13:52:40] [ DEBUG] [wire:73]  << "Date: Sun, 15 Jan 2023 17:52:41 GMT[\r][\n]"
[2023-01-15 13:52:40] [ DEBUG] [wire:73]  << "Content-Type: application/json[\r][\n]"
[2023-01-15 13:52:40] [ DEBUG] [wire:73]  << "Content-Length: 162[\r][\n]"
[2023-01-15 13:52:40] [ DEBUG] [wire:73]  << "Connection: keep-alive[\r][\n]"
[2023-01-15 13:52:40] [ DEBUG] [wire:73]  << "Vary: Accept, Cookie[\r][\n]"
[2023-01-15 13:52:40] [ DEBUG] [wire:73]  << "Allow: POST, OPTIONS[\r][\n]"
[2023-01-15 13:52:40] [ DEBUG] [wire:73]  << "Set-Cookie: sessionid=ayodkw0x9i22bv66tws374f85kyirr6w; expires=Sun, 29 Jan 2023 17:52:41 GMT; HttpOnly; Max-Age=1209600; Path=/; SameSite=Lax[\r][\n]"
[2023-01-15 13:52:40] [ DEBUG] [wire:73]  << "X-Frame-Options: SAMEORIGIN[\r][\n]"
[2023-01-15 13:52:40] [ DEBUG] [wire:73]  << "[\r][\n]"
[2023-01-15 13:52:40] [ DEBUG] [DefaultClientConnection:259] Receiving response: HTTP/1.1 200 OK
[2023-01-15 13:52:40] [ DEBUG] [headers:262] << HTTP/1.1 200 OK
[2023-01-15 13:52:40] [ DEBUG] [headers:265] << Date: Sun, 15 Jan 2023 17:52:41 GMT
[2023-01-15 13:52:40] [ DEBUG] [headers:265] << Content-Type: application/json
[2023-01-15 13:52:40] [ DEBUG] [headers:265] << Content-Length: 162
[2023-01-15 13:52:40] [ DEBUG] [headers:265] << Connection: keep-alive
[2023-01-15 13:52:40] [ DEBUG] [headers:265] << Vary: Accept, Cookie
[2023-01-15 13:52:40] [ DEBUG] [headers:265] << Allow: POST, OPTIONS
[2023-01-15 13:52:40] [ DEBUG] [headers:265] << Set-Cookie: sessionid=ayodkw0x9i22bv66tws374f85kyirr6w; expires=Sun, 29 Jan 2023 17:52:41 GMT; HttpOnly; Max-Age=1209600; Path=/; SameSite=Lax
[2023-01-15 13:52:40] [ DEBUG] [headers:265] << X-Frame-Options: SAMEORIGIN
[2023-01-15 13:52:40] [ DEBUG] [DefaultHttpClient:504] Connection can be kept alive indefinitely
[2023-01-15 13:52:40] [ DEBUG] [RestAssuredHttpBuilder:553] Parsing response as: application/json
[2023-01-15 13:52:40] [ DEBUG] [RestAssuredHttpBuilder:556] Parsed data to instance of: class org.apache.http.conn.EofSensorInputStream
[2023-01-15 13:57:01] [ DEBUG] [BasicClientConnectionManager:161] Get connection for route {s}->https://test-api.k6.io:443
[2023-01-15 13:57:01] [ DEBUG] [DefaultClientConnectionOperator:177] Connecting to test-api.k6.io:443
[2023-01-15 13:57:02] [ DEBUG] [RequestAddCookies:123] CookieSpec selected: ignoreCookies
[2023-01-15 13:57:02] [ DEBUG] [RequestAuthCache:77] Auth cache not set in the context
[2023-01-15 13:57:02] [ DEBUG] [RequestTargetAuthentication:80] Target auth state: UNCHALLENGED
[2023-01-15 13:57:02] [ DEBUG] [RequestProxyAuthentication:89] Proxy auth state: UNCHALLENGED
[2023-01-15 13:57:02] [ DEBUG] [DefaultHttpClient:677] Attempt 1 to execute request
[2023-01-15 13:57:02] [ DEBUG] [DefaultClientConnection:274] Sending request: POST /auth/basic/login/ HTTP/1.1
[2023-01-15 13:57:02] [ DEBUG] [wire:73]  >> "POST /auth/basic/login/ HTTP/1.1[\r][\n]"
[2023-01-15 13:57:02] [ DEBUG] [wire:73]  >> "Accept: */*[\r][\n]"
[2023-01-15 13:57:02] [ DEBUG] [wire:73]  >> "Content-Type: application/json[\r][\n]"
[2023-01-15 13:57:02] [ DEBUG] [wire:73]  >> "Content-Length: 47[\r][\n]"
[2023-01-15 13:57:02] [ DEBUG] [wire:73]  >> "Host: test-api.k6.io[\r][\n]"
[2023-01-15 13:57:02] [ DEBUG] [wire:73]  >> "Connection: Keep-Alive[\r][\n]"
[2023-01-15 13:57:02] [ DEBUG] [wire:73]  >> "User-Agent: Apache-HttpClient/4.5.13 (Java/11.0.16)[\r][\n]"
[2023-01-15 13:57:02] [ DEBUG] [wire:73]  >> "Accept-Encoding: gzip,deflate[\r][\n]"
[2023-01-15 13:57:02] [ DEBUG] [wire:73]  >> "[\r][\n]"
[2023-01-15 13:57:02] [ DEBUG] [headers:278] >> POST /auth/basic/login/ HTTP/1.1
[2023-01-15 13:57:02] [ DEBUG] [headers:281] >> Accept: */*
[2023-01-15 13:57:02] [ DEBUG] [headers:281] >> Content-Type: application/json
[2023-01-15 13:57:02] [ DEBUG] [headers:281] >> Content-Length: 47
[2023-01-15 13:57:02] [ DEBUG] [headers:281] >> Host: test-api.k6.io
[2023-01-15 13:57:02] [ DEBUG] [headers:281] >> Connection: Keep-Alive
[2023-01-15 13:57:02] [ DEBUG] [headers:281] >> User-Agent: Apache-HttpClient/4.5.13 (Java/11.0.16)
[2023-01-15 13:57:02] [ DEBUG] [headers:281] >> Accept-Encoding: gzip,deflate
[2023-01-15 13:57:02] [ DEBUG] [wire:87]  >> "{"username":"incrediboys ","password":"123456"}"
[2023-01-15 13:57:03] [ DEBUG] [wire:73]  << "HTTP/1.1 200 OK[\r][\n]"
[2023-01-15 13:57:04] [ DEBUG] [wire:73]  << "Date: Sun, 15 Jan 2023 17:57:05 GMT[\r][\n]"
[2023-01-15 13:57:04] [ DEBUG] [wire:73]  << "Content-Type: application/json[\r][\n]"
[2023-01-15 13:57:04] [ DEBUG] [wire:73]  << "Content-Length: 162[\r][\n]"
[2023-01-15 13:57:04] [ DEBUG] [wire:73]  << "Connection: keep-alive[\r][\n]"
[2023-01-15 13:57:04] [ DEBUG] [wire:73]  << "Vary: Accept, Cookie[\r][\n]"
[2023-01-15 13:57:04] [ DEBUG] [wire:73]  << "Allow: POST, OPTIONS[\r][\n]"
[2023-01-15 13:57:04] [ DEBUG] [wire:73]  << "Set-Cookie: sessionid=gwqoqj6fq26eie9air5x4uifjpx11kua; expires=Sun, 29 Jan 2023 17:57:05 GMT; HttpOnly; Max-Age=1209600; Path=/; SameSite=Lax[\r][\n]"
[2023-01-15 13:57:04] [ DEBUG] [wire:73]  << "X-Frame-Options: SAMEORIGIN[\r][\n]"
[2023-01-15 13:57:04] [ DEBUG] [wire:73]  << "[\r][\n]"
[2023-01-15 13:57:04] [ DEBUG] [DefaultClientConnection:259] Receiving response: HTTP/1.1 200 OK
[2023-01-15 13:57:04] [ DEBUG] [headers:262] << HTTP/1.1 200 OK
[2023-01-15 13:57:04] [ DEBUG] [headers:265] << Date: Sun, 15 Jan 2023 17:57:05 GMT
[2023-01-15 13:57:04] [ DEBUG] [headers:265] << Content-Type: application/json
[2023-01-15 13:57:04] [ DEBUG] [headers:265] << Content-Length: 162
[2023-01-15 13:57:04] [ DEBUG] [headers:265] << Connection: keep-alive
[2023-01-15 13:57:04] [ DEBUG] [headers:265] << Vary: Accept, Cookie
[2023-01-15 13:57:04] [ DEBUG] [headers:265] << Allow: POST, OPTIONS
[2023-01-15 13:57:04] [ DEBUG] [headers:265] << Set-Cookie: sessionid=gwqoqj6fq26eie9air5x4uifjpx11kua; expires=Sun, 29 Jan 2023 17:57:05 GMT; HttpOnly; Max-Age=1209600; Path=/; SameSite=Lax
[2023-01-15 13:57:04] [ DEBUG] [headers:265] << X-Frame-Options: SAMEORIGIN
[2023-01-15 13:57:04] [ DEBUG] [DefaultHttpClient:504] Connection can be kept alive indefinitely
[2023-01-15 13:57:04] [ DEBUG] [RestAssuredHttpBuilder:553] Parsing response as: application/json
[2023-01-15 13:57:04] [ DEBUG] [RestAssuredHttpBuilder:556] Parsed data to instance of: class org.apache.http.conn.EofSensorInputStream
[2023-01-15 13:57:28] [ DEBUG] [BasicClientConnectionManager:161] Get connection for route {s}->https://test-api.k6.io:443
[2023-01-15 13:57:28] [ DEBUG] [DefaultClientConnectionOperator:177] Connecting to test-api.k6.io:443
[2023-01-15 13:57:29] [ DEBUG] [RequestAddCookies:123] CookieSpec selected: ignoreCookies
[2023-01-15 13:57:29] [ DEBUG] [RequestAuthCache:77] Auth cache not set in the context
[2023-01-15 13:57:29] [ DEBUG] [RequestTargetAuthentication:80] Target auth state: UNCHALLENGED
[2023-01-15 13:57:29] [ DEBUG] [RequestProxyAuthentication:89] Proxy auth state: UNCHALLENGED
[2023-01-15 13:57:29] [ DEBUG] [DefaultHttpClient:677] Attempt 1 to execute request
[2023-01-15 13:57:29] [ DEBUG] [DefaultClientConnection:274] Sending request: POST /auth/basic/login/ HTTP/1.1
[2023-01-15 13:57:29] [ DEBUG] [wire:73]  >> "POST /auth/basic/login/ HTTP/1.1[\r][\n]"
[2023-01-15 13:57:29] [ DEBUG] [wire:73]  >> "Accept: */*[\r][\n]"
[2023-01-15 13:57:29] [ DEBUG] [wire:73]  >> "Content-Type: application/json[\r][\n]"
[2023-01-15 13:57:29] [ DEBUG] [wire:73]  >> "Content-Length: 47[\r][\n]"
[2023-01-15 13:57:29] [ DEBUG] [wire:73]  >> "Host: test-api.k6.io[\r][\n]"
[2023-01-15 13:57:29] [ DEBUG] [wire:73]  >> "Connection: Keep-Alive[\r][\n]"
[2023-01-15 13:57:29] [ DEBUG] [wire:73]  >> "User-Agent: Apache-HttpClient/4.5.13 (Java/11.0.16)[\r][\n]"
[2023-01-15 13:57:29] [ DEBUG] [wire:73]  >> "Accept-Encoding: gzip,deflate[\r][\n]"
[2023-01-15 13:57:29] [ DEBUG] [wire:73]  >> "[\r][\n]"
[2023-01-15 13:57:29] [ DEBUG] [headers:278] >> POST /auth/basic/login/ HTTP/1.1
[2023-01-15 13:57:29] [ DEBUG] [headers:281] >> Accept: */*
[2023-01-15 13:57:29] [ DEBUG] [headers:281] >> Content-Type: application/json
[2023-01-15 13:57:29] [ DEBUG] [headers:281] >> Content-Length: 47
[2023-01-15 13:57:29] [ DEBUG] [headers:281] >> Host: test-api.k6.io
[2023-01-15 13:57:29] [ DEBUG] [headers:281] >> Connection: Keep-Alive
[2023-01-15 13:57:29] [ DEBUG] [headers:281] >> User-Agent: Apache-HttpClient/4.5.13 (Java/11.0.16)
[2023-01-15 13:57:29] [ DEBUG] [headers:281] >> Accept-Encoding: gzip,deflate
[2023-01-15 13:57:29] [ DEBUG] [wire:87]  >> "{"username":"incrediboys ","password":"123456"}"
[2023-01-15 13:57:30] [ DEBUG] [wire:73]  << "HTTP/1.1 200 OK[\r][\n]"
[2023-01-15 13:57:30] [ DEBUG] [wire:73]  << "Date: Sun, 15 Jan 2023 17:57:31 GMT[\r][\n]"
[2023-01-15 13:57:30] [ DEBUG] [wire:73]  << "Content-Type: application/json[\r][\n]"
[2023-01-15 13:57:30] [ DEBUG] [wire:73]  << "Content-Length: 162[\r][\n]"
[2023-01-15 13:57:30] [ DEBUG] [wire:73]  << "Connection: keep-alive[\r][\n]"
[2023-01-15 13:57:30] [ DEBUG] [wire:73]  << "Vary: Accept, Cookie[\r][\n]"
[2023-01-15 13:57:30] [ DEBUG] [wire:73]  << "Allow: POST, OPTIONS[\r][\n]"
[2023-01-15 13:57:30] [ DEBUG] [wire:73]  << "Set-Cookie: sessionid=r3n73jjuwh44sy1wb3fib7lnja8a91yj; expires=Sun, 29 Jan 2023 17:57:31 GMT; HttpOnly; Max-Age=1209600; Path=/; SameSite=Lax[\r][\n]"
[2023-01-15 13:57:30] [ DEBUG] [wire:73]  << "X-Frame-Options: SAMEORIGIN[\r][\n]"
[2023-01-15 13:57:30] [ DEBUG] [wire:73]  << "[\r][\n]"
[2023-01-15 13:57:30] [ DEBUG] [DefaultClientConnection:259] Receiving response: HTTP/1.1 200 OK
[2023-01-15 13:57:30] [ DEBUG] [headers:262] << HTTP/1.1 200 OK
[2023-01-15 13:57:30] [ DEBUG] [headers:265] << Date: Sun, 15 Jan 2023 17:57:31 GMT
[2023-01-15 13:57:30] [ DEBUG] [headers:265] << Content-Type: application/json
[2023-01-15 13:57:30] [ DEBUG] [headers:265] << Content-Length: 162
[2023-01-15 13:57:30] [ DEBUG] [headers:265] << Connection: keep-alive
[2023-01-15 13:57:30] [ DEBUG] [headers:265] << Vary: Accept, Cookie
[2023-01-15 13:57:30] [ DEBUG] [headers:265] << Allow: POST, OPTIONS
[2023-01-15 13:57:30] [ DEBUG] [headers:265] << Set-Cookie: sessionid=r3n73jjuwh44sy1wb3fib7lnja8a91yj; expires=Sun, 29 Jan 2023 17:57:31 GMT; HttpOnly; Max-Age=1209600; Path=/; SameSite=Lax
[2023-01-15 13:57:30] [ DEBUG] [headers:265] << X-Frame-Options: SAMEORIGIN
[2023-01-15 13:57:30] [ DEBUG] [DefaultHttpClient:504] Connection can be kept alive indefinitely
[2023-01-15 13:57:30] [ DEBUG] [RestAssuredHttpBuilder:553] Parsing response as: application/json
[2023-01-15 13:57:30] [ DEBUG] [RestAssuredHttpBuilder:556] Parsed data to instance of: class org.apache.http.conn.EofSensorInputStream
[2023-01-15 13:58:31] [ DEBUG] [BasicClientConnectionManager:161] Get connection for route {s}->https://test-api.k6.io:443
[2023-01-15 13:58:31] [ DEBUG] [DefaultClientConnectionOperator:177] Connecting to test-api.k6.io:443
[2023-01-15 13:58:32] [ DEBUG] [RequestAddCookies:123] CookieSpec selected: ignoreCookies
[2023-01-15 13:58:32] [ DEBUG] [RequestAuthCache:77] Auth cache not set in the context
[2023-01-15 13:58:32] [ DEBUG] [RequestTargetAuthentication:80] Target auth state: UNCHALLENGED
[2023-01-15 13:58:32] [ DEBUG] [RequestProxyAuthentication:89] Proxy auth state: UNCHALLENGED
[2023-01-15 13:58:32] [ DEBUG] [DefaultHttpClient:677] Attempt 1 to execute request
[2023-01-15 13:58:32] [ DEBUG] [DefaultClientConnection:274] Sending request: POST /auth/basic/login/ HTTP/1.1
[2023-01-15 13:58:32] [ DEBUG] [wire:73]  >> "POST /auth/basic/login/ HTTP/1.1[\r][\n]"
[2023-01-15 13:58:32] [ DEBUG] [wire:73]  >> "Accept: */*[\r][\n]"
[2023-01-15 13:58:32] [ DEBUG] [wire:73]  >> "Content-Type: application/json[\r][\n]"
[2023-01-15 13:58:32] [ DEBUG] [wire:73]  >> "Content-Length: 47[\r][\n]"
[2023-01-15 13:58:32] [ DEBUG] [wire:73]  >> "Host: test-api.k6.io[\r][\n]"
[2023-01-15 13:58:32] [ DEBUG] [wire:73]  >> "Connection: Keep-Alive[\r][\n]"
[2023-01-15 13:58:32] [ DEBUG] [wire:73]  >> "User-Agent: Apache-HttpClient/4.5.13 (Java/11.0.16)[\r][\n]"
[2023-01-15 13:58:32] [ DEBUG] [wire:73]  >> "Accept-Encoding: gzip,deflate[\r][\n]"
[2023-01-15 13:58:32] [ DEBUG] [wire:73]  >> "[\r][\n]"
[2023-01-15 13:58:32] [ DEBUG] [headers:278] >> POST /auth/basic/login/ HTTP/1.1
[2023-01-15 13:58:32] [ DEBUG] [headers:281] >> Accept: */*
[2023-01-15 13:58:32] [ DEBUG] [headers:281] >> Content-Type: application/json
[2023-01-15 13:58:32] [ DEBUG] [headers:281] >> Content-Length: 47
[2023-01-15 13:58:32] [ DEBUG] [headers:281] >> Host: test-api.k6.io
[2023-01-15 13:58:32] [ DEBUG] [headers:281] >> Connection: Keep-Alive
[2023-01-15 13:58:32] [ DEBUG] [headers:281] >> User-Agent: Apache-HttpClient/4.5.13 (Java/11.0.16)
[2023-01-15 13:58:32] [ DEBUG] [headers:281] >> Accept-Encoding: gzip,deflate
[2023-01-15 13:58:32] [ DEBUG] [wire:87]  >> "{"username":"incrediboys ","password":"123456"}"
[2023-01-15 13:58:33] [ DEBUG] [wire:73]  << "HTTP/1.1 200 OK[\r][\n]"
[2023-01-15 13:58:33] [ DEBUG] [wire:73]  << "Date: Sun, 15 Jan 2023 17:58:34 GMT[\r][\n]"
[2023-01-15 13:58:33] [ DEBUG] [wire:73]  << "Content-Type: application/json[\r][\n]"
[2023-01-15 13:58:33] [ DEBUG] [wire:73]  << "Content-Length: 162[\r][\n]"
[2023-01-15 13:58:33] [ DEBUG] [wire:73]  << "Connection: keep-alive[\r][\n]"
[2023-01-15 13:58:33] [ DEBUG] [wire:73]  << "Vary: Accept, Cookie[\r][\n]"
[2023-01-15 13:58:33] [ DEBUG] [wire:73]  << "Allow: POST, OPTIONS[\r][\n]"
[2023-01-15 13:58:33] [ DEBUG] [wire:73]  << "Set-Cookie: sessionid=mbdxdvob2cpka0gjake8y0ecxcfmy6a4; expires=Sun, 29 Jan 2023 17:58:34 GMT; HttpOnly; Max-Age=1209600; Path=/; SameSite=Lax[\r][\n]"
[2023-01-15 13:58:33] [ DEBUG] [wire:73]  << "X-Frame-Options: SAMEORIGIN[\r][\n]"
[2023-01-15 13:58:33] [ DEBUG] [wire:73]  << "[\r][\n]"
[2023-01-15 13:58:33] [ DEBUG] [DefaultClientConnection:259] Receiving response: HTTP/1.1 200 OK
[2023-01-15 13:58:33] [ DEBUG] [headers:262] << HTTP/1.1 200 OK
[2023-01-15 13:58:33] [ DEBUG] [headers:265] << Date: Sun, 15 Jan 2023 17:58:34 GMT
[2023-01-15 13:58:33] [ DEBUG] [headers:265] << Content-Type: application/json
[2023-01-15 13:58:33] [ DEBUG] [headers:265] << Content-Length: 162
[2023-01-15 13:58:33] [ DEBUG] [headers:265] << Connection: keep-alive
[2023-01-15 13:58:33] [ DEBUG] [headers:265] << Vary: Accept, Cookie
[2023-01-15 13:58:33] [ DEBUG] [headers:265] << Allow: POST, OPTIONS
[2023-01-15 13:58:33] [ DEBUG] [headers:265] << Set-Cookie: sessionid=mbdxdvob2cpka0gjake8y0ecxcfmy6a4; expires=Sun, 29 Jan 2023 17:58:34 GMT; HttpOnly; Max-Age=1209600; Path=/; SameSite=Lax
[2023-01-15 13:58:33] [ DEBUG] [headers:265] << X-Frame-Options: SAMEORIGIN
[2023-01-15 13:58:33] [ DEBUG] [DefaultHttpClient:504] Connection can be kept alive indefinitely
[2023-01-15 13:58:33] [ DEBUG] [RestAssuredHttpBuilder:553] Parsing response as: application/json
[2023-01-15 13:58:33] [ DEBUG] [RestAssuredHttpBuilder:556] Parsed data to instance of: class org.apache.http.conn.EofSensorInputStream
[2023-01-15 14:04:24] [ DEBUG] [BasicClientConnectionManager:161] Get connection for route {s}->https://test-api.k6.io:443
[2023-01-15 14:04:24] [ DEBUG] [DefaultClientConnectionOperator:177] Connecting to test-api.k6.io:443
[2023-01-15 14:04:25] [ DEBUG] [RequestAddCookies:123] CookieSpec selected: ignoreCookies
[2023-01-15 14:04:25] [ DEBUG] [RequestAuthCache:77] Auth cache not set in the context
[2023-01-15 14:04:25] [ DEBUG] [RequestTargetAuthentication:80] Target auth state: UNCHALLENGED
[2023-01-15 14:04:25] [ DEBUG] [RequestProxyAuthentication:89] Proxy auth state: UNCHALLENGED
[2023-01-15 14:04:25] [ DEBUG] [DefaultHttpClient:677] Attempt 1 to execute request
[2023-01-15 14:04:25] [ DEBUG] [DefaultClientConnection:274] Sending request: POST /auth/basic/login/ HTTP/1.1
[2023-01-15 14:04:25] [ DEBUG] [wire:73]  >> "POST /auth/basic/login/ HTTP/1.1[\r][\n]"
[2023-01-15 14:04:25] [ DEBUG] [wire:73]  >> "Accept: */*[\r][\n]"
[2023-01-15 14:04:25] [ DEBUG] [wire:73]  >> "Content-Type: application/json[\r][\n]"
[2023-01-15 14:04:25] [ DEBUG] [wire:73]  >> "Content-Length: 47[\r][\n]"
[2023-01-15 14:04:25] [ DEBUG] [wire:73]  >> "Host: test-api.k6.io[\r][\n]"
[2023-01-15 14:04:25] [ DEBUG] [wire:73]  >> "Connection: Keep-Alive[\r][\n]"
[2023-01-15 14:04:25] [ DEBUG] [wire:73]  >> "User-Agent: Apache-HttpClient/4.5.13 (Java/11.0.16)[\r][\n]"
[2023-01-15 14:04:25] [ DEBUG] [wire:73]  >> "Accept-Encoding: gzip,deflate[\r][\n]"
[2023-01-15 14:04:25] [ DEBUG] [wire:73]  >> "[\r][\n]"
[2023-01-15 14:04:25] [ DEBUG] [headers:278] >> POST /auth/basic/login/ HTTP/1.1
[2023-01-15 14:04:25] [ DEBUG] [headers:281] >> Accept: */*
[2023-01-15 14:04:25] [ DEBUG] [headers:281] >> Content-Type: application/json
[2023-01-15 14:04:25] [ DEBUG] [headers:281] >> Content-Length: 47
[2023-01-15 14:04:25] [ DEBUG] [headers:281] >> Host: test-api.k6.io
[2023-01-15 14:04:25] [ DEBUG] [headers:281] >> Connection: Keep-Alive
[2023-01-15 14:04:25] [ DEBUG] [headers:281] >> User-Agent: Apache-HttpClient/4.5.13 (Java/11.0.16)
[2023-01-15 14:04:25] [ DEBUG] [headers:281] >> Accept-Encoding: gzip,deflate
[2023-01-15 14:04:25] [ DEBUG] [wire:87]  >> "{"username":"incrediboys ","password":"123456"}"
[2023-01-15 14:04:26] [ DEBUG] [wire:73]  << "HTTP/1.1 200 OK[\r][\n]"
[2023-01-15 14:04:26] [ DEBUG] [wire:73]  << "Date: Sun, 15 Jan 2023 18:04:27 GMT[\r][\n]"
[2023-01-15 14:04:26] [ DEBUG] [wire:73]  << "Content-Type: application/json[\r][\n]"
[2023-01-15 14:04:26] [ DEBUG] [wire:73]  << "Content-Length: 162[\r][\n]"
[2023-01-15 14:04:26] [ DEBUG] [wire:73]  << "Connection: keep-alive[\r][\n]"
[2023-01-15 14:04:26] [ DEBUG] [wire:73]  << "Vary: Accept, Cookie[\r][\n]"
[2023-01-15 14:04:26] [ DEBUG] [wire:73]  << "Allow: POST, OPTIONS[\r][\n]"
[2023-01-15 14:04:26] [ DEBUG] [wire:73]  << "Set-Cookie: sessionid=ex7cdx03tqqzcqhgk0ubp8mf07lypacs; expires=Sun, 29 Jan 2023 18:04:27 GMT; HttpOnly; Max-Age=1209600; Path=/; SameSite=Lax[\r][\n]"
[2023-01-15 14:04:26] [ DEBUG] [wire:73]  << "X-Frame-Options: SAMEORIGIN[\r][\n]"
[2023-01-15 14:04:26] [ DEBUG] [wire:73]  << "[\r][\n]"
[2023-01-15 14:04:26] [ DEBUG] [DefaultClientConnection:259] Receiving response: HTTP/1.1 200 OK
[2023-01-15 14:04:26] [ DEBUG] [headers:262] << HTTP/1.1 200 OK
[2023-01-15 14:04:26] [ DEBUG] [headers:265] << Date: Sun, 15 Jan 2023 18:04:27 GMT
[2023-01-15 14:04:26] [ DEBUG] [headers:265] << Content-Type: application/json
[2023-01-15 14:04:26] [ DEBUG] [headers:265] << Content-Length: 162
[2023-01-15 14:04:26] [ DEBUG] [headers:265] << Connection: keep-alive
[2023-01-15 14:04:26] [ DEBUG] [headers:265] << Vary: Accept, Cookie
[2023-01-15 14:04:26] [ DEBUG] [headers:265] << Allow: POST, OPTIONS
[2023-01-15 14:04:26] [ DEBUG] [headers:265] << Set-Cookie: sessionid=ex7cdx03tqqzcqhgk0ubp8mf07lypacs; expires=Sun, 29 Jan 2023 18:04:27 GMT; HttpOnly; Max-Age=1209600; Path=/; SameSite=Lax
[2023-01-15 14:04:26] [ DEBUG] [headers:265] << X-Frame-Options: SAMEORIGIN
[2023-01-15 14:04:26] [ DEBUG] [DefaultHttpClient:504] Connection can be kept alive indefinitely
[2023-01-15 14:04:26] [ DEBUG] [RestAssuredHttpBuilder:553] Parsing response as: application/json
[2023-01-15 14:04:26] [ DEBUG] [RestAssuredHttpBuilder:556] Parsed data to instance of: class org.apache.http.conn.EofSensorInputStream
[2023-01-15 14:09:52] [ DEBUG] [BasicClientConnectionManager:161] Get connection for route {s}->https://test-api.k6.io:443
[2023-01-15 14:09:52] [ DEBUG] [DefaultClientConnectionOperator:177] Connecting to test-api.k6.io:443
[2023-01-15 14:09:53] [ DEBUG] [RequestAddCookies:123] CookieSpec selected: ignoreCookies
[2023-01-15 14:09:53] [ DEBUG] [RequestAuthCache:77] Auth cache not set in the context
[2023-01-15 14:09:53] [ DEBUG] [RequestTargetAuthentication:80] Target auth state: UNCHALLENGED
[2023-01-15 14:09:53] [ DEBUG] [RequestProxyAuthentication:89] Proxy auth state: UNCHALLENGED
[2023-01-15 14:09:53] [ DEBUG] [DefaultHttpClient:677] Attempt 1 to execute request
[2023-01-15 14:09:53] [ DEBUG] [DefaultClientConnection:274] Sending request: POST /auth/basic/login/ HTTP/1.1
[2023-01-15 14:09:53] [ DEBUG] [wire:73]  >> "POST /auth/basic/login/ HTTP/1.1[\r][\n]"
[2023-01-15 14:09:53] [ DEBUG] [wire:73]  >> "Accept: */*[\r][\n]"
[2023-01-15 14:09:53] [ DEBUG] [wire:73]  >> "Content-Type: application/json[\r][\n]"
[2023-01-15 14:09:53] [ DEBUG] [wire:73]  >> "Content-Length: 47[\r][\n]"
[2023-01-15 14:09:53] [ DEBUG] [wire:73]  >> "Host: test-api.k6.io[\r][\n]"
[2023-01-15 14:09:53] [ DEBUG] [wire:73]  >> "Connection: Keep-Alive[\r][\n]"
[2023-01-15 14:09:53] [ DEBUG] [wire:73]  >> "User-Agent: Apache-HttpClient/4.5.13 (Java/11.0.16)[\r][\n]"
[2023-01-15 14:09:53] [ DEBUG] [wire:73]  >> "Accept-Encoding: gzip,deflate[\r][\n]"
[2023-01-15 14:09:53] [ DEBUG] [wire:73]  >> "[\r][\n]"
[2023-01-15 14:09:53] [ DEBUG] [headers:278] >> POST /auth/basic/login/ HTTP/1.1
[2023-01-15 14:09:53] [ DEBUG] [headers:281] >> Accept: */*
[2023-01-15 14:09:53] [ DEBUG] [headers:281] >> Content-Type: application/json
[2023-01-15 14:09:53] [ DEBUG] [headers:281] >> Content-Length: 47
[2023-01-15 14:09:53] [ DEBUG] [headers:281] >> Host: test-api.k6.io
[2023-01-15 14:09:53] [ DEBUG] [headers:281] >> Connection: Keep-Alive
[2023-01-15 14:09:53] [ DEBUG] [headers:281] >> User-Agent: Apache-HttpClient/4.5.13 (Java/11.0.16)
[2023-01-15 14:09:53] [ DEBUG] [headers:281] >> Accept-Encoding: gzip,deflate
[2023-01-15 14:09:53] [ DEBUG] [wire:87]  >> "{"username":"incrediboys ","password":"123456"}"
[2023-01-15 14:09:54] [ DEBUG] [wire:73]  << "HTTP/1.1 200 OK[\r][\n]"
[2023-01-15 14:09:54] [ DEBUG] [wire:73]  << "Date: Sun, 15 Jan 2023 18:09:55 GMT[\r][\n]"
[2023-01-15 14:09:54] [ DEBUG] [wire:73]  << "Content-Type: application/json[\r][\n]"
[2023-01-15 14:09:54] [ DEBUG] [wire:73]  << "Content-Length: 162[\r][\n]"
[2023-01-15 14:09:54] [ DEBUG] [wire:73]  << "Connection: keep-alive[\r][\n]"
[2023-01-15 14:09:54] [ DEBUG] [wire:73]  << "Vary: Accept, Cookie[\r][\n]"
[2023-01-15 14:09:54] [ DEBUG] [wire:73]  << "Allow: POST, OPTIONS[\r][\n]"
[2023-01-15 14:09:54] [ DEBUG] [wire:73]  << "Set-Cookie: sessionid=29hmhrsv4bs1l2tttmaoyfr799pc7svf; expires=Sun, 29 Jan 2023 18:09:55 GMT; HttpOnly; Max-Age=1209600; Path=/; SameSite=Lax[\r][\n]"
[2023-01-15 14:09:54] [ DEBUG] [wire:73]  << "X-Frame-Options: SAMEORIGIN[\r][\n]"
[2023-01-15 14:09:54] [ DEBUG] [wire:73]  << "[\r][\n]"
[2023-01-15 14:09:54] [ DEBUG] [DefaultClientConnection:259] Receiving response: HTTP/1.1 200 OK
[2023-01-15 14:09:54] [ DEBUG] [headers:262] << HTTP/1.1 200 OK
[2023-01-15 14:09:54] [ DEBUG] [headers:265] << Date: Sun, 15 Jan 2023 18:09:55 GMT
[2023-01-15 14:09:54] [ DEBUG] [headers:265] << Content-Type: application/json
[2023-01-15 14:09:54] [ DEBUG] [headers:265] << Content-Length: 162
[2023-01-15 14:09:54] [ DEBUG] [headers:265] << Connection: keep-alive
[2023-01-15 14:09:54] [ DEBUG] [headers:265] << Vary: Accept, Cookie
[2023-01-15 14:09:54] [ DEBUG] [headers:265] << Allow: POST, OPTIONS
[2023-01-15 14:09:54] [ DEBUG] [headers:265] << Set-Cookie: sessionid=29hmhrsv4bs1l2tttmaoyfr799pc7svf; expires=Sun, 29 Jan 2023 18:09:55 GMT; HttpOnly; Max-Age=1209600; Path=/; SameSite=Lax
[2023-01-15 14:09:54] [ DEBUG] [headers:265] << X-Frame-Options: SAMEORIGIN
[2023-01-15 14:09:54] [ DEBUG] [DefaultHttpClient:504] Connection can be kept alive indefinitely
[2023-01-15 14:09:54] [ DEBUG] [RestAssuredHttpBuilder:553] Parsing response as: application/json
[2023-01-15 14:09:54] [ DEBUG] [RestAssuredHttpBuilder:556] Parsed data to instance of: class org.apache.http.conn.EofSensorInputStream
[2023-01-15 14:11:34] [ DEBUG] [BasicClientConnectionManager:161] Get connection for route {s}->https://test-api.k6.io:443
[2023-01-15 14:11:35] [ DEBUG] [DefaultClientConnectionOperator:177] Connecting to test-api.k6.io:443
[2023-01-15 14:11:36] [ DEBUG] [RequestAddCookies:123] CookieSpec selected: ignoreCookies
[2023-01-15 14:11:36] [ DEBUG] [RequestAuthCache:77] Auth cache not set in the context
[2023-01-15 14:11:36] [ DEBUG] [RequestTargetAuthentication:80] Target auth state: UNCHALLENGED
[2023-01-15 14:11:36] [ DEBUG] [RequestProxyAuthentication:89] Proxy auth state: UNCHALLENGED
[2023-01-15 14:11:36] [ DEBUG] [DefaultHttpClient:677] Attempt 1 to execute request
[2023-01-15 14:11:36] [ DEBUG] [DefaultClientConnection:274] Sending request: POST /auth/basic/login/ HTTP/1.1
[2023-01-15 14:11:36] [ DEBUG] [wire:73]  >> "POST /auth/basic/login/ HTTP/1.1[\r][\n]"
[2023-01-15 14:11:36] [ DEBUG] [wire:73]  >> "Accept: */*[\r][\n]"
[2023-01-15 14:11:36] [ DEBUG] [wire:73]  >> "Content-Type: application/json[\r][\n]"
[2023-01-15 14:11:36] [ DEBUG] [wire:73]  >> "Content-Length: 47[\r][\n]"
[2023-01-15 14:11:36] [ DEBUG] [wire:73]  >> "Host: test-api.k6.io[\r][\n]"
[2023-01-15 14:11:36] [ DEBUG] [wire:73]  >> "Connection: Keep-Alive[\r][\n]"
[2023-01-15 14:11:36] [ DEBUG] [wire:73]  >> "User-Agent: Apache-HttpClient/4.5.13 (Java/11.0.16)[\r][\n]"
[2023-01-15 14:11:36] [ DEBUG] [wire:73]  >> "Accept-Encoding: gzip,deflate[\r][\n]"
[2023-01-15 14:11:36] [ DEBUG] [wire:73]  >> "[\r][\n]"
[2023-01-15 14:11:36] [ DEBUG] [headers:278] >> POST /auth/basic/login/ HTTP/1.1
[2023-01-15 14:11:36] [ DEBUG] [headers:281] >> Accept: */*
[2023-01-15 14:11:36] [ DEBUG] [headers:281] >> Content-Type: application/json
[2023-01-15 14:11:36] [ DEBUG] [headers:281] >> Content-Length: 47
[2023-01-15 14:11:36] [ DEBUG] [headers:281] >> Host: test-api.k6.io
[2023-01-15 14:11:36] [ DEBUG] [headers:281] >> Connection: Keep-Alive
[2023-01-15 14:11:36] [ DEBUG] [headers:281] >> User-Agent: Apache-HttpClient/4.5.13 (Java/11.0.16)
[2023-01-15 14:11:36] [ DEBUG] [headers:281] >> Accept-Encoding: gzip,deflate
[2023-01-15 14:11:36] [ DEBUG] [wire:87]  >> "{"username":"incrediboys ","password":"123456"}"
[2023-01-15 14:11:37] [ DEBUG] [wire:73]  << "HTTP/1.1 200 OK[\r][\n]"
[2023-01-15 14:11:37] [ DEBUG] [wire:73]  << "Date: Sun, 15 Jan 2023 18:11:38 GMT[\r][\n]"
[2023-01-15 14:11:37] [ DEBUG] [wire:73]  << "Content-Type: application/json[\r][\n]"
[2023-01-15 14:11:37] [ DEBUG] [wire:73]  << "Content-Length: 162[\r][\n]"
[2023-01-15 14:11:37] [ DEBUG] [wire:73]  << "Connection: keep-alive[\r][\n]"
[2023-01-15 14:11:37] [ DEBUG] [wire:73]  << "Vary: Accept, Cookie[\r][\n]"
[2023-01-15 14:11:37] [ DEBUG] [wire:73]  << "Allow: POST, OPTIONS[\r][\n]"
[2023-01-15 14:11:37] [ DEBUG] [wire:73]  << "Set-Cookie: sessionid=1t6usprb6g8m5iws85gcxjl0c2x09q0n; expires=Sun, 29 Jan 2023 18:11:38 GMT; HttpOnly; Max-Age=1209600; Path=/; SameSite=Lax[\r][\n]"
[2023-01-15 14:11:37] [ DEBUG] [wire:73]  << "X-Frame-Options: SAMEORIGIN[\r][\n]"
[2023-01-15 14:11:37] [ DEBUG] [wire:73]  << "[\r][\n]"
[2023-01-15 14:11:37] [ DEBUG] [DefaultClientConnection:259] Receiving response: HTTP/1.1 200 OK
[2023-01-15 14:11:37] [ DEBUG] [headers:262] << HTTP/1.1 200 OK
[2023-01-15 14:11:37] [ DEBUG] [headers:265] << Date: Sun, 15 Jan 2023 18:11:38 GMT
[2023-01-15 14:11:37] [ DEBUG] [headers:265] << Content-Type: application/json
[2023-01-15 14:11:37] [ DEBUG] [headers:265] << Content-Length: 162
[2023-01-15 14:11:37] [ DEBUG] [headers:265] << Connection: keep-alive
[2023-01-15 14:11:37] [ DEBUG] [headers:265] << Vary: Accept, Cookie
[2023-01-15 14:11:37] [ DEBUG] [headers:265] << Allow: POST, OPTIONS
[2023-01-15 14:11:37] [ DEBUG] [headers:265] << Set-Cookie: sessionid=1t6usprb6g8m5iws85gcxjl0c2x09q0n; expires=Sun, 29 Jan 2023 18:11:38 GMT; HttpOnly; Max-Age=1209600; Path=/; SameSite=Lax
[2023-01-15 14:11:37] [ DEBUG] [headers:265] << X-Frame-Options: SAMEORIGIN
[2023-01-15 14:11:37] [ DEBUG] [DefaultHttpClient:504] Connection can be kept alive indefinitely
[2023-01-15 14:11:37] [ DEBUG] [RestAssuredHttpBuilder:553] Parsing response as: application/json
[2023-01-15 14:11:37] [ DEBUG] [RestAssuredHttpBuilder:556] Parsed data to instance of: class org.apache.http.conn.EofSensorInputStream
[2023-01-15 14:13:18] [ DEBUG] [BasicClientConnectionManager:161] Get connection for route {s}->https://test-api.k6.io:443
[2023-01-15 14:13:18] [ DEBUG] [DefaultClientConnectionOperator:177] Connecting to test-api.k6.io:443
[2023-01-15 14:13:18] [ DEBUG] [RequestAddCookies:123] CookieSpec selected: ignoreCookies
[2023-01-15 14:13:18] [ DEBUG] [RequestAuthCache:77] Auth cache not set in the context
[2023-01-15 14:13:18] [ DEBUG] [RequestTargetAuthentication:80] Target auth state: UNCHALLENGED
[2023-01-15 14:13:18] [ DEBUG] [RequestProxyAuthentication:89] Proxy auth state: UNCHALLENGED
[2023-01-15 14:13:18] [ DEBUG] [DefaultHttpClient:677] Attempt 1 to execute request
[2023-01-15 14:13:18] [ DEBUG] [DefaultClientConnection:274] Sending request: POST /auth/basic/login/ HTTP/1.1
[2023-01-15 14:13:18] [ DEBUG] [wire:73]  >> "POST /auth/basic/login/ HTTP/1.1[\r][\n]"
[2023-01-15 14:13:18] [ DEBUG] [wire:73]  >> "Accept: */*[\r][\n]"
[2023-01-15 14:13:18] [ DEBUG] [wire:73]  >> "Content-Type: application/json[\r][\n]"
[2023-01-15 14:13:18] [ DEBUG] [wire:73]  >> "Content-Length: 47[\r][\n]"
[2023-01-15 14:13:18] [ DEBUG] [wire:73]  >> "Host: test-api.k6.io[\r][\n]"
[2023-01-15 14:13:18] [ DEBUG] [wire:73]  >> "Connection: Keep-Alive[\r][\n]"
[2023-01-15 14:13:18] [ DEBUG] [wire:73]  >> "User-Agent: Apache-HttpClient/4.5.13 (Java/11.0.16)[\r][\n]"
[2023-01-15 14:13:18] [ DEBUG] [wire:73]  >> "Accept-Encoding: gzip,deflate[\r][\n]"
[2023-01-15 14:13:18] [ DEBUG] [wire:73]  >> "[\r][\n]"
[2023-01-15 14:13:18] [ DEBUG] [headers:278] >> POST /auth/basic/login/ HTTP/1.1
[2023-01-15 14:13:18] [ DEBUG] [headers:281] >> Accept: */*
[2023-01-15 14:13:18] [ DEBUG] [headers:281] >> Content-Type: application/json
[2023-01-15 14:13:18] [ DEBUG] [headers:281] >> Content-Length: 47
[2023-01-15 14:13:18] [ DEBUG] [headers:281] >> Host: test-api.k6.io
[2023-01-15 14:13:18] [ DEBUG] [headers:281] >> Connection: Keep-Alive
[2023-01-15 14:13:18] [ DEBUG] [headers:281] >> User-Agent: Apache-HttpClient/4.5.13 (Java/11.0.16)
[2023-01-15 14:13:18] [ DEBUG] [headers:281] >> Accept-Encoding: gzip,deflate
[2023-01-15 14:13:18] [ DEBUG] [wire:87]  >> "{"username":"incrediboys ","password":"123456"}"
[2023-01-15 14:13:20] [ DEBUG] [wire:73]  << "HTTP/1.1 200 OK[\r][\n]"
[2023-01-15 14:13:20] [ DEBUG] [wire:73]  << "Date: Sun, 15 Jan 2023 18:13:21 GMT[\r][\n]"
[2023-01-15 14:13:20] [ DEBUG] [wire:73]  << "Content-Type: application/json[\r][\n]"
[2023-01-15 14:13:20] [ DEBUG] [wire:73]  << "Content-Length: 162[\r][\n]"
[2023-01-15 14:13:20] [ DEBUG] [wire:73]  << "Connection: keep-alive[\r][\n]"
[2023-01-15 14:13:20] [ DEBUG] [wire:73]  << "Vary: Accept, Cookie[\r][\n]"
[2023-01-15 14:13:20] [ DEBUG] [wire:73]  << "Allow: POST, OPTIONS[\r][\n]"
[2023-01-15 14:13:20] [ DEBUG] [wire:73]  << "Set-Cookie: sessionid=w1k7izx15wlqs0ew70vegtzo7dnxka0w; expires=Sun, 29 Jan 2023 18:13:21 GMT; HttpOnly; Max-Age=1209600; Path=/; SameSite=Lax[\r][\n]"
[2023-01-15 14:13:20] [ DEBUG] [wire:73]  << "X-Frame-Options: SAMEORIGIN[\r][\n]"
[2023-01-15 14:13:20] [ DEBUG] [wire:73]  << "[\r][\n]"
[2023-01-15 14:13:20] [ DEBUG] [DefaultClientConnection:259] Receiving response: HTTP/1.1 200 OK
[2023-01-15 14:13:20] [ DEBUG] [headers:262] << HTTP/1.1 200 OK
[2023-01-15 14:13:20] [ DEBUG] [headers:265] << Date: Sun, 15 Jan 2023 18:13:21 GMT
[2023-01-15 14:13:20] [ DEBUG] [headers:265] << Content-Type: application/json
[2023-01-15 14:13:20] [ DEBUG] [headers:265] << Content-Length: 162
[2023-01-15 14:13:20] [ DEBUG] [headers:265] << Connection: keep-alive
[2023-01-15 14:13:20] [ DEBUG] [headers:265] << Vary: Accept, Cookie
[2023-01-15 14:13:20] [ DEBUG] [headers:265] << Allow: POST, OPTIONS
[2023-01-15 14:13:20] [ DEBUG] [headers:265] << Set-Cookie: sessionid=w1k7izx15wlqs0ew70vegtzo7dnxka0w; expires=Sun, 29 Jan 2023 18:13:21 GMT; HttpOnly; Max-Age=1209600; Path=/; SameSite=Lax
[2023-01-15 14:13:20] [ DEBUG] [headers:265] << X-Frame-Options: SAMEORIGIN
[2023-01-15 14:13:20] [ DEBUG] [DefaultHttpClient:504] Connection can be kept alive indefinitely
[2023-01-15 14:13:20] [ DEBUG] [RestAssuredHttpBuilder:553] Parsing response as: application/json
[2023-01-15 14:13:20] [ DEBUG] [RestAssuredHttpBuilder:556] Parsed data to instance of: class org.apache.http.conn.EofSensorInputStream
[2023-01-15 14:14:59] [ DEBUG] [BasicClientConnectionManager:161] Get connection for route {s}->https://test-api.k6.io:443
[2023-01-15 14:15:00] [ DEBUG] [DefaultClientConnectionOperator:177] Connecting to test-api.k6.io:443
[2023-01-15 14:15:04] [ DEBUG] [RequestAddCookies:123] CookieSpec selected: ignoreCookies
[2023-01-15 14:15:04] [ DEBUG] [RequestAuthCache:77] Auth cache not set in the context
[2023-01-15 14:15:04] [ DEBUG] [RequestTargetAuthentication:80] Target auth state: UNCHALLENGED
[2023-01-15 14:15:04] [ DEBUG] [RequestProxyAuthentication:89] Proxy auth state: UNCHALLENGED
[2023-01-15 14:15:04] [ DEBUG] [DefaultHttpClient:677] Attempt 1 to execute request
[2023-01-15 14:15:04] [ DEBUG] [DefaultClientConnection:274] Sending request: POST /auth/basic/login/ HTTP/1.1
[2023-01-15 14:15:04] [ DEBUG] [wire:73]  >> "POST /auth/basic/login/ HTTP/1.1[\r][\n]"
[2023-01-15 14:15:04] [ DEBUG] [wire:73]  >> "Accept: */*[\r][\n]"
[2023-01-15 14:15:04] [ DEBUG] [wire:73]  >> "Content-Type: application/json[\r][\n]"
[2023-01-15 14:15:04] [ DEBUG] [wire:73]  >> "Content-Length: 47[\r][\n]"
[2023-01-15 14:15:04] [ DEBUG] [wire:73]  >> "Host: test-api.k6.io[\r][\n]"
[2023-01-15 14:15:04] [ DEBUG] [wire:73]  >> "Connection: Keep-Alive[\r][\n]"
[2023-01-15 14:15:04] [ DEBUG] [wire:73]  >> "User-Agent: Apache-HttpClient/4.5.13 (Java/11.0.16)[\r][\n]"
[2023-01-15 14:15:04] [ DEBUG] [wire:73]  >> "Accept-Encoding: gzip,deflate[\r][\n]"
[2023-01-15 14:15:04] [ DEBUG] [wire:73]  >> "[\r][\n]"
[2023-01-15 14:15:04] [ DEBUG] [headers:278] >> POST /auth/basic/login/ HTTP/1.1
[2023-01-15 14:15:04] [ DEBUG] [headers:281] >> Accept: */*
[2023-01-15 14:15:04] [ DEBUG] [headers:281] >> Content-Type: application/json
[2023-01-15 14:15:04] [ DEBUG] [headers:281] >> Content-Length: 47
[2023-01-15 14:15:04] [ DEBUG] [headers:281] >> Host: test-api.k6.io
[2023-01-15 14:15:04] [ DEBUG] [headers:281] >> Connection: Keep-Alive
[2023-01-15 14:15:04] [ DEBUG] [headers:281] >> User-Agent: Apache-HttpClient/4.5.13 (Java/11.0.16)
[2023-01-15 14:15:04] [ DEBUG] [headers:281] >> Accept-Encoding: gzip,deflate
[2023-01-15 14:15:04] [ DEBUG] [wire:87]  >> "{"username":"incrediboys ","password":"123456"}"
[2023-01-15 14:15:07] [ DEBUG] [wire:73]  << "HTTP/1.1 200 OK[\r][\n]"
[2023-01-15 14:15:07] [ DEBUG] [wire:73]  << "Date: Sun, 15 Jan 2023 18:15:07 GMT[\r][\n]"
[2023-01-15 14:15:07] [ DEBUG] [wire:73]  << "Content-Type: application/json[\r][\n]"
[2023-01-15 14:15:07] [ DEBUG] [wire:73]  << "Content-Length: 162[\r][\n]"
[2023-01-15 14:15:07] [ DEBUG] [wire:73]  << "Connection: keep-alive[\r][\n]"
[2023-01-15 14:15:07] [ DEBUG] [wire:73]  << "Vary: Accept, Cookie[\r][\n]"
[2023-01-15 14:15:07] [ DEBUG] [wire:73]  << "Allow: POST, OPTIONS[\r][\n]"
[2023-01-15 14:15:07] [ DEBUG] [wire:73]  << "Set-Cookie: sessionid=yp8w56j8ap6wjinq68ebstu2804ilx9r; expires=Sun, 29 Jan 2023 18:15:07 GMT; HttpOnly; Max-Age=1209600; Path=/; SameSite=Lax[\r][\n]"
[2023-01-15 14:15:07] [ DEBUG] [wire:73]  << "X-Frame-Options: SAMEORIGIN[\r][\n]"
[2023-01-15 14:15:07] [ DEBUG] [wire:73]  << "[\r][\n]"
[2023-01-15 14:15:07] [ DEBUG] [DefaultClientConnection:259] Receiving response: HTTP/1.1 200 OK
[2023-01-15 14:15:07] [ DEBUG] [headers:262] << HTTP/1.1 200 OK
[2023-01-15 14:15:07] [ DEBUG] [headers:265] << Date: Sun, 15 Jan 2023 18:15:07 GMT
[2023-01-15 14:15:07] [ DEBUG] [headers:265] << Content-Type: application/json
[2023-01-15 14:15:07] [ DEBUG] [headers:265] << Content-Length: 162
[2023-01-15 14:15:07] [ DEBUG] [headers:265] << Connection: keep-alive
[2023-01-15 14:15:07] [ DEBUG] [headers:265] << Vary: Accept, Cookie
[2023-01-15 14:15:07] [ DEBUG] [headers:265] << Allow: POST, OPTIONS
[2023-01-15 14:15:07] [ DEBUG] [headers:265] << Set-Cookie: sessionid=yp8w56j8ap6wjinq68ebstu2804ilx9r; expires=Sun, 29 Jan 2023 18:15:07 GMT; HttpOnly; Max-Age=1209600; Path=/; SameSite=Lax
[2023-01-15 14:15:07] [ DEBUG] [headers:265] << X-Frame-Options: SAMEORIGIN
[2023-01-15 14:15:07] [ DEBUG] [DefaultHttpClient:504] Connection can be kept alive indefinitely
[2023-01-15 14:15:07] [ DEBUG] [RestAssuredHttpBuilder:553] Parsing response as: application/json
[2023-01-15 14:15:07] [ DEBUG] [RestAssuredHttpBuilder:556] Parsed data to instance of: class org.apache.http.conn.EofSensorInputStream
[2023-01-15 14:20:56] [ DEBUG] [BasicClientConnectionManager:161] Get connection for route {s}->https://test-api.k6.io:443
[2023-01-15 14:20:56] [ DEBUG] [DefaultClientConnectionOperator:177] Connecting to test-api.k6.io:443
[2023-01-15 14:20:57] [ DEBUG] [RequestAddCookies:123] CookieSpec selected: ignoreCookies
[2023-01-15 14:20:57] [ DEBUG] [RequestAuthCache:77] Auth cache not set in the context
[2023-01-15 14:20:57] [ DEBUG] [RequestTargetAuthentication:80] Target auth state: UNCHALLENGED
[2023-01-15 14:20:57] [ DEBUG] [RequestProxyAuthentication:89] Proxy auth state: UNCHALLENGED
[2023-01-15 14:20:57] [ DEBUG] [DefaultHttpClient:677] Attempt 1 to execute request
[2023-01-15 14:20:57] [ DEBUG] [DefaultClientConnection:274] Sending request: POST /auth/basic/login/ HTTP/1.1
[2023-01-15 14:20:57] [ DEBUG] [wire:73]  >> "POST /auth/basic/login/ HTTP/1.1[\r][\n]"
[2023-01-15 14:20:57] [ DEBUG] [wire:73]  >> "Accept: */*[\r][\n]"
[2023-01-15 14:20:57] [ DEBUG] [wire:73]  >> "Content-Type: application/json[\r][\n]"
[2023-01-15 14:20:57] [ DEBUG] [wire:73]  >> "Content-Length: 47[\r][\n]"
[2023-01-15 14:20:57] [ DEBUG] [wire:73]  >> "Host: test-api.k6.io[\r][\n]"
[2023-01-15 14:20:57] [ DEBUG] [wire:73]  >> "Connection: Keep-Alive[\r][\n]"
[2023-01-15 14:20:57] [ DEBUG] [wire:73]  >> "User-Agent: Apache-HttpClient/4.5.13 (Java/11.0.16)[\r][\n]"
[2023-01-15 14:20:57] [ DEBUG] [wire:73]  >> "Accept-Encoding: gzip,deflate[\r][\n]"
[2023-01-15 14:20:57] [ DEBUG] [wire:73]  >> "[\r][\n]"
[2023-01-15 14:20:57] [ DEBUG] [headers:278] >> POST /auth/basic/login/ HTTP/1.1
[2023-01-15 14:20:57] [ DEBUG] [headers:281] >> Accept: */*
[2023-01-15 14:20:57] [ DEBUG] [headers:281] >> Content-Type: application/json
[2023-01-15 14:20:57] [ DEBUG] [headers:281] >> Content-Length: 47
[2023-01-15 14:20:57] [ DEBUG] [headers:281] >> Host: test-api.k6.io
[2023-01-15 14:20:57] [ DEBUG] [headers:281] >> Connection: Keep-Alive
[2023-01-15 14:20:57] [ DEBUG] [headers:281] >> User-Agent: Apache-HttpClient/4.5.13 (Java/11.0.16)
[2023-01-15 14:20:57] [ DEBUG] [headers:281] >> Accept-Encoding: gzip,deflate
[2023-01-15 14:20:57] [ DEBUG] [wire:87]  >> "{"username":"incrediboys ","password":"123456"}"
[2023-01-15 14:20:58] [ DEBUG] [wire:73]  << "HTTP/1.1 200 OK[\r][\n]"
[2023-01-15 14:20:58] [ DEBUG] [wire:73]  << "Date: Sun, 15 Jan 2023 18:20:59 GMT[\r][\n]"
[2023-01-15 14:20:58] [ DEBUG] [wire:73]  << "Content-Type: application/json[\r][\n]"
[2023-01-15 14:20:58] [ DEBUG] [wire:73]  << "Content-Length: 162[\r][\n]"
[2023-01-15 14:20:58] [ DEBUG] [wire:73]  << "Connection: keep-alive[\r][\n]"
[2023-01-15 14:20:58] [ DEBUG] [wire:73]  << "Vary: Accept, Cookie[\r][\n]"
[2023-01-15 14:20:58] [ DEBUG] [wire:73]  << "Allow: POST, OPTIONS[\r][\n]"
[2023-01-15 14:20:58] [ DEBUG] [wire:73]  << "Set-Cookie: sessionid=n332tm1zpb8st7zhcthgmx1vdp0k4ben; expires=Sun, 29 Jan 2023 18:20:59 GMT; HttpOnly; Max-Age=1209600; Path=/; SameSite=Lax[\r][\n]"
[2023-01-15 14:20:58] [ DEBUG] [wire:73]  << "X-Frame-Options: SAMEORIGIN[\r][\n]"
[2023-01-15 14:20:58] [ DEBUG] [wire:73]  << "[\r][\n]"
[2023-01-15 14:20:58] [ DEBUG] [DefaultClientConnection:259] Receiving response: HTTP/1.1 200 OK
[2023-01-15 14:20:58] [ DEBUG] [headers:262] << HTTP/1.1 200 OK
[2023-01-15 14:20:58] [ DEBUG] [headers:265] << Date: Sun, 15 Jan 2023 18:20:59 GMT
[2023-01-15 14:20:58] [ DEBUG] [headers:265] << Content-Type: application/json
[2023-01-15 14:20:58] [ DEBUG] [headers:265] << Content-Length: 162
[2023-01-15 14:20:58] [ DEBUG] [headers:265] << Connection: keep-alive
[2023-01-15 14:20:58] [ DEBUG] [headers:265] << Vary: Accept, Cookie
[2023-01-15 14:20:58] [ DEBUG] [headers:265] << Allow: POST, OPTIONS
[2023-01-15 14:20:58] [ DEBUG] [headers:265] << Set-Cookie: sessionid=n332tm1zpb8st7zhcthgmx1vdp0k4ben; expires=Sun, 29 Jan 2023 18:20:59 GMT; HttpOnly; Max-Age=1209600; Path=/; SameSite=Lax
[2023-01-15 14:20:58] [ DEBUG] [headers:265] << X-Frame-Options: SAMEORIGIN
[2023-01-15 14:20:58] [ DEBUG] [DefaultHttpClient:504] Connection can be kept alive indefinitely
[2023-01-15 14:20:58] [ DEBUG] [RestAssuredHttpBuilder:553] Parsing response as: application/json
[2023-01-15 14:20:58] [ DEBUG] [RestAssuredHttpBuilder:556] Parsed data to instance of: class org.apache.http.conn.EofSensorInputStream
[2023-01-15 14:31:52] [ DEBUG] [BasicClientConnectionManager:161] Get connection for route {s}->https://test-api.k6.io:443
[2023-01-15 14:31:54] [ DEBUG] [DefaultClientConnectionOperator:177] Connecting to test-api.k6.io:443
[2023-01-15 14:31:54] [ DEBUG] [RequestAddCookies:123] CookieSpec selected: ignoreCookies
[2023-01-15 14:31:54] [ DEBUG] [RequestAuthCache:77] Auth cache not set in the context
[2023-01-15 14:31:54] [ DEBUG] [RequestTargetAuthentication:80] Target auth state: UNCHALLENGED
[2023-01-15 14:31:54] [ DEBUG] [RequestProxyAuthentication:89] Proxy auth state: UNCHALLENGED
[2023-01-15 14:31:54] [ DEBUG] [DefaultHttpClient:677] Attempt 1 to execute request
[2023-01-15 14:31:54] [ DEBUG] [DefaultClientConnection:274] Sending request: POST /auth/basic/login/ HTTP/1.1
[2023-01-15 14:31:54] [ DEBUG] [wire:73]  >> "POST /auth/basic/login/ HTTP/1.1[\r][\n]"
[2023-01-15 14:31:54] [ DEBUG] [wire:73]  >> "Accept: */*[\r][\n]"
[2023-01-15 14:31:54] [ DEBUG] [wire:73]  >> "Content-Type: application/json[\r][\n]"
[2023-01-15 14:31:54] [ DEBUG] [wire:73]  >> "Content-Length: 47[\r][\n]"
[2023-01-15 14:31:54] [ DEBUG] [wire:73]  >> "Host: test-api.k6.io[\r][\n]"
[2023-01-15 14:31:54] [ DEBUG] [wire:73]  >> "Connection: Keep-Alive[\r][\n]"
[2023-01-15 14:31:54] [ DEBUG] [wire:73]  >> "User-Agent: Apache-HttpClient/4.5.13 (Java/11.0.16)[\r][\n]"
[2023-01-15 14:31:54] [ DEBUG] [wire:73]  >> "Accept-Encoding: gzip,deflate[\r][\n]"
[2023-01-15 14:31:54] [ DEBUG] [wire:73]  >> "[\r][\n]"
[2023-01-15 14:31:54] [ DEBUG] [headers:278] >> POST /auth/basic/login/ HTTP/1.1
[2023-01-15 14:31:54] [ DEBUG] [headers:281] >> Accept: */*
[2023-01-15 14:31:54] [ DEBUG] [headers:281] >> Content-Type: application/json
[2023-01-15 14:31:54] [ DEBUG] [headers:281] >> Content-Length: 47
[2023-01-15 14:31:54] [ DEBUG] [headers:281] >> Host: test-api.k6.io
[2023-01-15 14:31:54] [ DEBUG] [headers:281] >> Connection: Keep-Alive
[2023-01-15 14:31:54] [ DEBUG] [headers:281] >> User-Agent: Apache-HttpClient/4.5.13 (Java/11.0.16)
[2023-01-15 14:31:54] [ DEBUG] [headers:281] >> Accept-Encoding: gzip,deflate
[2023-01-15 14:31:54] [ DEBUG] [wire:87]  >> "{"username":"incrediboys ","password":"123456"}"
[2023-01-15 14:31:55] [ DEBUG] [wire:73]  << "HTTP/1.1 200 OK[\r][\n]"
[2023-01-15 14:31:55] [ DEBUG] [wire:73]  << "Date: Sun, 15 Jan 2023 18:31:57 GMT[\r][\n]"
[2023-01-15 14:31:55] [ DEBUG] [wire:73]  << "Content-Type: application/json[\r][\n]"
[2023-01-15 14:31:55] [ DEBUG] [wire:73]  << "Content-Length: 162[\r][\n]"
[2023-01-15 14:31:55] [ DEBUG] [wire:73]  << "Connection: keep-alive[\r][\n]"
[2023-01-15 14:31:55] [ DEBUG] [wire:73]  << "Vary: Accept, Cookie[\r][\n]"
[2023-01-15 14:31:55] [ DEBUG] [wire:73]  << "Allow: POST, OPTIONS[\r][\n]"
[2023-01-15 14:31:55] [ DEBUG] [wire:73]  << "Set-Cookie: sessionid=a9izpmygbhzfjq3n68y58u3oy7ehvz34; expires=Sun, 29 Jan 2023 18:31:57 GMT; HttpOnly; Max-Age=1209600; Path=/; SameSite=Lax[\r][\n]"
[2023-01-15 14:31:55] [ DEBUG] [wire:73]  << "X-Frame-Options: SAMEORIGIN[\r][\n]"
[2023-01-15 14:31:55] [ DEBUG] [wire:73]  << "[\r][\n]"
[2023-01-15 14:31:55] [ DEBUG] [DefaultClientConnection:259] Receiving response: HTTP/1.1 200 OK
[2023-01-15 14:31:55] [ DEBUG] [headers:262] << HTTP/1.1 200 OK
[2023-01-15 14:31:55] [ DEBUG] [headers:265] << Date: Sun, 15 Jan 2023 18:31:57 GMT
[2023-01-15 14:31:55] [ DEBUG] [headers:265] << Content-Type: application/json
[2023-01-15 14:31:55] [ DEBUG] [headers:265] << Content-Length: 162
[2023-01-15 14:31:55] [ DEBUG] [headers:265] << Connection: keep-alive
[2023-01-15 14:31:55] [ DEBUG] [headers:265] << Vary: Accept, Cookie
[2023-01-15 14:31:55] [ DEBUG] [headers:265] << Allow: POST, OPTIONS
[2023-01-15 14:31:55] [ DEBUG] [headers:265] << Set-Cookie: sessionid=a9izpmygbhzfjq3n68y58u3oy7ehvz34; expires=Sun, 29 Jan 2023 18:31:57 GMT; HttpOnly; Max-Age=1209600; Path=/; SameSite=Lax
[2023-01-15 14:31:55] [ DEBUG] [headers:265] << X-Frame-Options: SAMEORIGIN
[2023-01-15 14:31:55] [ DEBUG] [DefaultHttpClient:504] Connection can be kept alive indefinitely
[2023-01-15 14:31:55] [ DEBUG] [RestAssuredHttpBuilder:553] Parsing response as: application/json
[2023-01-15 14:31:55] [ DEBUG] [RestAssuredHttpBuilder:556] Parsed data to instance of: class org.apache.http.conn.EofSensorInputStream
[2023-01-15 14:34:33] [ DEBUG] [BasicClientConnectionManager:161] Get connection for route {s}->https://test-api.k6.io:443
[2023-01-15 14:34:33] [ DEBUG] [DefaultClientConnectionOperator:177] Connecting to test-api.k6.io:443
[2023-01-15 14:34:35] [ DEBUG] [RequestAddCookies:123] CookieSpec selected: ignoreCookies
[2023-01-15 14:34:35] [ DEBUG] [RequestAuthCache:77] Auth cache not set in the context
[2023-01-15 14:34:35] [ DEBUG] [RequestTargetAuthentication:80] Target auth state: UNCHALLENGED
[2023-01-15 14:34:35] [ DEBUG] [RequestProxyAuthentication:89] Proxy auth state: UNCHALLENGED
[2023-01-15 14:34:35] [ DEBUG] [DefaultHttpClient:677] Attempt 1 to execute request
[2023-01-15 14:34:35] [ DEBUG] [DefaultClientConnection:274] Sending request: POST /auth/basic/login/ HTTP/1.1
[2023-01-15 14:34:35] [ DEBUG] [wire:73]  >> "POST /auth/basic/login/ HTTP/1.1[\r][\n]"
[2023-01-15 14:34:35] [ DEBUG] [wire:73]  >> "Accept: */*[\r][\n]"
[2023-01-15 14:34:35] [ DEBUG] [wire:73]  >> "Content-Type: application/json[\r][\n]"
[2023-01-15 14:34:35] [ DEBUG] [wire:73]  >> "Content-Length: 47[\r][\n]"
[2023-01-15 14:34:35] [ DEBUG] [wire:73]  >> "Host: test-api.k6.io[\r][\n]"
[2023-01-15 14:34:35] [ DEBUG] [wire:73]  >> "Connection: Keep-Alive[\r][\n]"
[2023-01-15 14:34:35] [ DEBUG] [wire:73]  >> "User-Agent: Apache-HttpClient/4.5.13 (Java/11.0.16)[\r][\n]"
[2023-01-15 14:34:35] [ DEBUG] [wire:73]  >> "Accept-Encoding: gzip,deflate[\r][\n]"
[2023-01-15 14:34:35] [ DEBUG] [wire:73]  >> "[\r][\n]"
[2023-01-15 14:34:35] [ DEBUG] [headers:278] >> POST /auth/basic/login/ HTTP/1.1
[2023-01-15 14:34:35] [ DEBUG] [headers:281] >> Accept: */*
[2023-01-15 14:34:35] [ DEBUG] [headers:281] >> Content-Type: application/json
[2023-01-15 14:34:35] [ DEBUG] [headers:281] >> Content-Length: 47
[2023-01-15 14:34:35] [ DEBUG] [headers:281] >> Host: test-api.k6.io
[2023-01-15 14:34:35] [ DEBUG] [headers:281] >> Connection: Keep-Alive
[2023-01-15 14:34:35] [ DEBUG] [headers:281] >> User-Agent: Apache-HttpClient/4.5.13 (Java/11.0.16)
[2023-01-15 14:34:35] [ DEBUG] [headers:281] >> Accept-Encoding: gzip,deflate
[2023-01-15 14:34:35] [ DEBUG] [wire:87]  >> "{"username":"incrediboys ","password":"123456"}"
[2023-01-15 14:34:36] [ DEBUG] [wire:73]  << "HTTP/1.1 200 OK[\r][\n]"
[2023-01-15 14:34:36] [ DEBUG] [wire:73]  << "Date: Sun, 15 Jan 2023 18:34:37 GMT[\r][\n]"
[2023-01-15 14:34:36] [ DEBUG] [wire:73]  << "Content-Type: application/json[\r][\n]"
[2023-01-15 14:34:36] [ DEBUG] [wire:73]  << "Content-Length: 162[\r][\n]"
[2023-01-15 14:34:36] [ DEBUG] [wire:73]  << "Connection: keep-alive[\r][\n]"
[2023-01-15 14:34:36] [ DEBUG] [wire:73]  << "Vary: Accept, Cookie[\r][\n]"
[2023-01-15 14:34:36] [ DEBUG] [wire:73]  << "Allow: POST, OPTIONS[\r][\n]"
[2023-01-15 14:34:36] [ DEBUG] [wire:73]  << "Set-Cookie: sessionid=tudrl2idxz23kwew50cdmxvvuliw7c7a; expires=Sun, 29 Jan 2023 18:34:37 GMT; HttpOnly; Max-Age=1209600; Path=/; SameSite=Lax[\r][\n]"
[2023-01-15 14:34:36] [ DEBUG] [wire:73]  << "X-Frame-Options: SAMEORIGIN[\r][\n]"
[2023-01-15 14:34:36] [ DEBUG] [wire:73]  << "[\r][\n]"
[2023-01-15 14:34:36] [ DEBUG] [DefaultClientConnection:259] Receiving response: HTTP/1.1 200 OK
[2023-01-15 14:34:36] [ DEBUG] [headers:262] << HTTP/1.1 200 OK
[2023-01-15 14:34:36] [ DEBUG] [headers:265] << Date: Sun, 15 Jan 2023 18:34:37 GMT
[2023-01-15 14:34:36] [ DEBUG] [headers:265] << Content-Type: application/json
[2023-01-15 14:34:36] [ DEBUG] [headers:265] << Content-Length: 162
[2023-01-15 14:34:36] [ DEBUG] [headers:265] << Connection: keep-alive
[2023-01-15 14:34:36] [ DEBUG] [headers:265] << Vary: Accept, Cookie
[2023-01-15 14:34:36] [ DEBUG] [headers:265] << Allow: POST, OPTIONS
[2023-01-15 14:34:36] [ DEBUG] [headers:265] << Set-Cookie: sessionid=tudrl2idxz23kwew50cdmxvvuliw7c7a; expires=Sun, 29 Jan 2023 18:34:37 GMT; HttpOnly; Max-Age=1209600; Path=/; SameSite=Lax
[2023-01-15 14:34:36] [ DEBUG] [headers:265] << X-Frame-Options: SAMEORIGIN
[2023-01-15 14:34:36] [ DEBUG] [DefaultHttpClient:504] Connection can be kept alive indefinitely
[2023-01-15 14:34:36] [ DEBUG] [RestAssuredHttpBuilder:553] Parsing response as: application/json
[2023-01-15 14:34:36] [ DEBUG] [RestAssuredHttpBuilder:556] Parsed data to instance of: class org.apache.http.conn.EofSensorInputStream
[2023-01-15 14:45:35] [ DEBUG] [BasicClientConnectionManager:161] Get connection for route {s}->https://test-api.k6.io:443
[2023-01-15 14:45:36] [ DEBUG] [DefaultClientConnectionOperator:177] Connecting to test-api.k6.io:443
[2023-01-15 14:45:37] [ DEBUG] [RequestAddCookies:123] CookieSpec selected: ignoreCookies
[2023-01-15 14:45:37] [ DEBUG] [RequestAuthCache:77] Auth cache not set in the context
[2023-01-15 14:45:37] [ DEBUG] [RequestTargetAuthentication:80] Target auth state: UNCHALLENGED
[2023-01-15 14:45:37] [ DEBUG] [RequestProxyAuthentication:89] Proxy auth state: UNCHALLENGED
[2023-01-15 14:45:37] [ DEBUG] [DefaultHttpClient:677] Attempt 1 to execute request
[2023-01-15 14:45:37] [ DEBUG] [DefaultClientConnection:274] Sending request: POST /auth/basic/login/ HTTP/1.1
[2023-01-15 14:45:37] [ DEBUG] [wire:73]  >> "POST /auth/basic/login/ HTTP/1.1[\r][\n]"
[2023-01-15 14:45:37] [ DEBUG] [wire:73]  >> "Accept: */*[\r][\n]"
[2023-01-15 14:45:37] [ DEBUG] [wire:73]  >> "Content-Type: application/json[\r][\n]"
[2023-01-15 14:45:37] [ DEBUG] [wire:73]  >> "Content-Length: 47[\r][\n]"
[2023-01-15 14:45:37] [ DEBUG] [wire:73]  >> "Host: test-api.k6.io[\r][\n]"
[2023-01-15 14:45:37] [ DEBUG] [wire:73]  >> "Connection: Keep-Alive[\r][\n]"
[2023-01-15 14:45:37] [ DEBUG] [wire:73]  >> "User-Agent: Apache-HttpClient/4.5.13 (Java/11.0.16)[\r][\n]"
[2023-01-15 14:45:37] [ DEBUG] [wire:73]  >> "Accept-Encoding: gzip,deflate[\r][\n]"
[2023-01-15 14:45:37] [ DEBUG] [wire:73]  >> "[\r][\n]"
[2023-01-15 14:45:37] [ DEBUG] [headers:278] >> POST /auth/basic/login/ HTTP/1.1
[2023-01-15 14:45:37] [ DEBUG] [headers:281] >> Accept: */*
[2023-01-15 14:45:37] [ DEBUG] [headers:281] >> Content-Type: application/json
[2023-01-15 14:45:37] [ DEBUG] [headers:281] >> Content-Length: 47
[2023-01-15 14:45:37] [ DEBUG] [headers:281] >> Host: test-api.k6.io
[2023-01-15 14:45:37] [ DEBUG] [headers:281] >> Connection: Keep-Alive
[2023-01-15 14:45:37] [ DEBUG] [headers:281] >> User-Agent: Apache-HttpClient/4.5.13 (Java/11.0.16)
[2023-01-15 14:45:37] [ DEBUG] [headers:281] >> Accept-Encoding: gzip,deflate
[2023-01-15 14:45:37] [ DEBUG] [wire:87]  >> "{"username":"incrediboys ","password":"123456"}"
[2023-01-15 14:45:38] [ DEBUG] [wire:73]  << "HTTP/1.1 200 OK[\r][\n]"
[2023-01-15 14:45:38] [ DEBUG] [wire:73]  << "Date: Sun, 15 Jan 2023 18:45:39 GMT[\r][\n]"
[2023-01-15 14:45:38] [ DEBUG] [wire:73]  << "Content-Type: application/json[\r][\n]"
[2023-01-15 14:45:38] [ DEBUG] [wire:73]  << "Content-Length: 162[\r][\n]"
[2023-01-15 14:45:38] [ DEBUG] [wire:73]  << "Connection: keep-alive[\r][\n]"
[2023-01-15 14:45:38] [ DEBUG] [wire:73]  << "Vary: Accept, Cookie[\r][\n]"
[2023-01-15 14:45:38] [ DEBUG] [wire:73]  << "Allow: POST, OPTIONS[\r][\n]"
[2023-01-15 14:45:38] [ DEBUG] [wire:73]  << "Set-Cookie: sessionid=1xdljoklvjbjuhck48g4xfq3jvxena0q; expires=Sun, 29 Jan 2023 18:45:39 GMT; HttpOnly; Max-Age=1209600; Path=/; SameSite=Lax[\r][\n]"
[2023-01-15 14:45:38] [ DEBUG] [wire:73]  << "X-Frame-Options: SAMEORIGIN[\r][\n]"
[2023-01-15 14:45:38] [ DEBUG] [wire:73]  << "[\r][\n]"
[2023-01-15 14:45:38] [ DEBUG] [DefaultClientConnection:259] Receiving response: HTTP/1.1 200 OK
[2023-01-15 14:45:38] [ DEBUG] [headers:262] << HTTP/1.1 200 OK
[2023-01-15 14:45:38] [ DEBUG] [headers:265] << Date: Sun, 15 Jan 2023 18:45:39 GMT
[2023-01-15 14:45:38] [ DEBUG] [headers:265] << Content-Type: application/json
[2023-01-15 14:45:38] [ DEBUG] [headers:265] << Content-Length: 162
[2023-01-15 14:45:38] [ DEBUG] [headers:265] << Connection: keep-alive
[2023-01-15 14:45:38] [ DEBUG] [headers:265] << Vary: Accept, Cookie
[2023-01-15 14:45:38] [ DEBUG] [headers:265] << Allow: POST, OPTIONS
[2023-01-15 14:45:38] [ DEBUG] [headers:265] << Set-Cookie: sessionid=1xdljoklvjbjuhck48g4xfq3jvxena0q; expires=Sun, 29 Jan 2023 18:45:39 GMT; HttpOnly; Max-Age=1209600; Path=/; SameSite=Lax
[2023-01-15 14:45:38] [ DEBUG] [headers:265] << X-Frame-Options: SAMEORIGIN
[2023-01-15 14:45:38] [ DEBUG] [DefaultHttpClient:504] Connection can be kept alive indefinitely
[2023-01-15 14:45:38] [ DEBUG] [RestAssuredHttpBuilder:553] Parsing response as: application/json
[2023-01-15 14:45:38] [ DEBUG] [RestAssuredHttpBuilder:556] Parsed data to instance of: class org.apache.http.conn.EofSensorInputStream
[2023-01-15 14:45:38] [ DEBUG] [BasicClientConnectionManager:161] Get connection for route {s}->https://test-api.k6.io:443
[2023-01-15 14:45:38] [ DEBUG] [DefaultClientConnectionOperator:177] Connecting to test-api.k6.io:443
[2023-01-15 14:45:40] [ DEBUG] [RequestAddCookies:123] CookieSpec selected: ignoreCookies
[2023-01-15 14:45:40] [ DEBUG] [RequestAuthCache:77] Auth cache not set in the context
[2023-01-15 14:45:40] [ DEBUG] [RequestTargetAuthentication:80] Target auth state: UNCHALLENGED
[2023-01-15 14:45:40] [ DEBUG] [RequestProxyAuthentication:89] Proxy auth state: UNCHALLENGED
[2023-01-15 14:45:40] [ DEBUG] [DefaultHttpClient:677] Attempt 1 to execute request
[2023-01-15 14:45:40] [ DEBUG] [DefaultClientConnection:274] Sending request: POST /auth/basic/login/ HTTP/1.1
[2023-01-15 14:45:40] [ DEBUG] [wire:73]  >> "POST /auth/basic/login/ HTTP/1.1[\r][\n]"
[2023-01-15 14:45:40] [ DEBUG] [wire:73]  >> "Accept: */*[\r][\n]"
[2023-01-15 14:45:40] [ DEBUG] [wire:73]  >> "Content-Type: application/json[\r][\n]"
[2023-01-15 14:45:40] [ DEBUG] [wire:73]  >> "Content-Length: 47[\r][\n]"
[2023-01-15 14:45:40] [ DEBUG] [wire:73]  >> "Host: test-api.k6.io[\r][\n]"
[2023-01-15 14:45:40] [ DEBUG] [wire:73]  >> "Connection: Keep-Alive[\r][\n]"
[2023-01-15 14:45:40] [ DEBUG] [wire:73]  >> "User-Agent: Apache-HttpClient/4.5.13 (Java/11.0.16)[\r][\n]"
[2023-01-15 14:45:40] [ DEBUG] [wire:73]  >> "Accept-Encoding: gzip,deflate[\r][\n]"
[2023-01-15 14:45:40] [ DEBUG] [wire:73]  >> "[\r][\n]"
[2023-01-15 14:45:40] [ DEBUG] [headers:278] >> POST /auth/basic/login/ HTTP/1.1
[2023-01-15 14:45:40] [ DEBUG] [headers:281] >> Accept: */*
[2023-01-15 14:45:40] [ DEBUG] [headers:281] >> Content-Type: application/json
[2023-01-15 14:45:40] [ DEBUG] [headers:281] >> Content-Length: 47
[2023-01-15 14:45:40] [ DEBUG] [headers:281] >> Host: test-api.k6.io
[2023-01-15 14:45:40] [ DEBUG] [headers:281] >> Connection: Keep-Alive
[2023-01-15 14:45:40] [ DEBUG] [headers:281] >> User-Agent: Apache-HttpClient/4.5.13 (Java/11.0.16)
[2023-01-15 14:45:40] [ DEBUG] [headers:281] >> Accept-Encoding: gzip,deflate
[2023-01-15 14:45:40] [ DEBUG] [wire:87]  >> "{"username":"incrediboys ","password":"123456"}"
[2023-01-15 14:45:43] [ DEBUG] [wire:73]  << "HTTP/1.1 200 OK[\r][\n]"
[2023-01-15 14:45:43] [ DEBUG] [wire:73]  << "Date: Sun, 15 Jan 2023 18:45:42 GMT[\r][\n]"
[2023-01-15 14:45:43] [ DEBUG] [wire:73]  << "Content-Type: application/json[\r][\n]"
[2023-01-15 14:45:43] [ DEBUG] [wire:73]  << "Content-Length: 162[\r][\n]"
[2023-01-15 14:45:43] [ DEBUG] [wire:73]  << "Connection: keep-alive[\r][\n]"
[2023-01-15 14:45:43] [ DEBUG] [wire:73]  << "Vary: Accept, Cookie[\r][\n]"
[2023-01-15 14:45:43] [ DEBUG] [wire:73]  << "Allow: POST, OPTIONS[\r][\n]"
[2023-01-15 14:45:43] [ DEBUG] [wire:73]  << "Set-Cookie: sessionid=zigav7thbjfl99oov2pdw97t9e6mhfo0; expires=Sun, 29 Jan 2023 18:45:42 GMT; HttpOnly; Max-Age=1209600; Path=/; SameSite=Lax[\r][\n]"
[2023-01-15 14:45:43] [ DEBUG] [wire:73]  << "X-Frame-Options: SAMEORIGIN[\r][\n]"
[2023-01-15 14:45:43] [ DEBUG] [wire:73]  << "[\r][\n]"
[2023-01-15 14:45:43] [ DEBUG] [DefaultClientConnection:259] Receiving response: HTTP/1.1 200 OK
[2023-01-15 14:45:43] [ DEBUG] [headers:262] << HTTP/1.1 200 OK
[2023-01-15 14:45:43] [ DEBUG] [headers:265] << Date: Sun, 15 Jan 2023 18:45:42 GMT
[2023-01-15 14:45:43] [ DEBUG] [headers:265] << Content-Type: application/json
[2023-01-15 14:45:43] [ DEBUG] [headers:265] << Content-Length: 162
[2023-01-15 14:45:43] [ DEBUG] [headers:265] << Connection: keep-alive
[2023-01-15 14:45:43] [ DEBUG] [headers:265] << Vary: Accept, Cookie
[2023-01-15 14:45:43] [ DEBUG] [headers:265] << Allow: POST, OPTIONS
[2023-01-15 14:45:43] [ DEBUG] [headers:265] << Set-Cookie: sessionid=zigav7thbjfl99oov2pdw97t9e6mhfo0; expires=Sun, 29 Jan 2023 18:45:42 GMT; HttpOnly; Max-Age=1209600; Path=/; SameSite=Lax
[2023-01-15 14:45:43] [ DEBUG] [headers:265] << X-Frame-Options: SAMEORIGIN
[2023-01-15 14:45:43] [ DEBUG] [DefaultHttpClient:504] Connection can be kept alive indefinitely
[2023-01-15 14:45:43] [ DEBUG] [RestAssuredHttpBuilder:553] Parsing response as: application/json
[2023-01-15 14:45:43] [ DEBUG] [RestAssuredHttpBuilder:556] Parsed data to instance of: class org.apache.http.conn.EofSensorInputStream
